<?xml version="1.0" encoding="UTF-8"?>
<testng-results skipped="0" failed="0" total="2" passed="2">
  <reporter-output>
  </reporter-output>
  <suite name="Grid" duration-ms="71920" started-at="2017-05-29T03:08:57Z" finished-at="2017-05-29T03:10:09Z">
    <groups>
    </groups>
    <test name="On Chrome" duration-ms="30231" started-at="2017-05-29T03:08:57Z" finished-at="2017-05-29T03:09:28Z">
      <class name="grid.GridEg1">
        <test-method status="PASS" signature="grid(java.lang.String)[pri:0, instance:grid.GridEg1@236bc1eb]" name="grid" duration-ms="30161" started-at="2017-05-29T08:38:57Z" finished-at="2017-05-29T08:39:28Z">
          <params>
            <param index="0">
              <value>
                <![CDATA[chrome]]>
              </value>
            </param>
          </params>
          <reporter-output>
          </reporter-output>
        </test-method> <!-- grid -->
      </class> <!-- grid.GridEg1 -->
    </test> <!-- On Chrome -->
    <test name="On Firefox" duration-ms="71920" started-at="2017-05-29T03:08:57Z" finished-at="2017-05-29T03:10:09Z">
      <class name="grid.GridEg1">
        <test-method status="PASS" signature="grid(java.lang.String)[pri:0, instance:grid.GridEg1@44a7624e]" name="grid" duration-ms="71855" started-at="2017-05-29T08:38:57Z" finished-at="2017-05-29T08:40:09Z">
          <params>
            <param index="0">
              <value>
                <![CDATA[firefox]]>
              </value>
            </param>
          </params>
          <reporter-output>
          </reporter-output>
        </test-method> <!-- grid -->
      </class> <!-- grid.GridEg1 -->
    </test> <!-- On Firefox -->
  </suite> <!-- Grid -->
</testng-results>
